\BOOKMARK [1][-]{section.1}{\376\377\000T\000e\000m\000p\000l\000a\000t\000e}{}% 1
\BOOKMARK [2][-]{subsection.1.1}{\376\377\000C\000+\000+\000\040\000T\000e\000m\000p\000l\000a\000t\000e}{section.1}% 2
\BOOKMARK [2][-]{subsection.1.2}{\376\377\000P\000o\000l\000i\000c\000e\000\040\000B\000a\000s\000e\000d}{section.1}% 3
\BOOKMARK [1][-]{section.2}{\376\377\000G\000r\000a\000p\000h}{}% 4
\BOOKMARK [2][-]{subsection.2.1}{\376\377\000B\000F\000S}{section.2}% 5
\BOOKMARK [2][-]{subsection.2.2}{\376\377\000D\000i\000j\000k\000s\000t\000r\000a}{section.2}% 6
\BOOKMARK [2][-]{subsection.2.3}{\376\377\000B\000e\000l\000l\000m\000a\000n\000-\000F\000o\000r\000d}{section.2}% 7
\BOOKMARK [2][-]{subsection.2.4}{\376\377\000F\000l\000o\000y\000d\000-\000W\000a\000r\000s\000h\000a\000l\000l}{section.2}% 8
\BOOKMARK [2][-]{subsection.2.5}{\376\377\000D\000i\000s\000j\000o\000i\000n\000t\000\040\000S\000e\000t\000s}{section.2}% 9
\BOOKMARK [2][-]{subsection.2.6}{\376\377\000K\000r\000u\000s\000k\000a\000l}{section.2}% 10
\BOOKMARK [2][-]{subsection.2.7}{\376\377\000P\000r\000i\000m}{section.2}% 11
\BOOKMARK [2][-]{subsection.2.8}{\376\377\000T\000a\000r\000j\000a\000n}{section.2}% 12
\BOOKMARK [1][-]{section.3}{\376\377\000D\000y\000n\000a\000m\000i\000c\000\040\000P\000r\000o\000g\000r\000a\000m\000m\000i\000n\000g}{}% 13
\BOOKMARK [2][-]{subsection.3.1}{\376\377\000K\000n\000a\000p\000s\000a\000c\000k}{section.3}% 14
\BOOKMARK [2][-]{subsection.3.2}{\376\377\000L\000I\000S}{section.3}% 15
\BOOKMARK [2][-]{subsection.3.3}{\376\377\000L\000C\000S}{section.3}% 16
\BOOKMARK [2][-]{subsection.3.4}{\376\377\000E\000d\000i\000t\000\040\000D\000i\000s\000t\000a\000n\000c\000e}{section.3}% 17
\BOOKMARK [1][-]{section.4}{\376\377\000S\000e\000a\000r\000c\000h}{}% 18
\BOOKMARK [2][-]{subsection.4.1}{\376\377\000B\000i\000n\000a\000r\000y\000\040\000S\000e\000a\000r\000c\000h}{section.4}% 19
\BOOKMARK [2][-]{subsection.4.2}{\376\377\000S\000l\000i\000d\000i\000n\000g\000\040\000W\000i\000n\000d\000o\000w}{section.4}% 20
\BOOKMARK [2][-]{subsection.4.3}{\376\377\000C\000o\000u\000n\000t\000\040\000B\000i\000t\000s}{section.4}% 21
\BOOKMARK [1][-]{section.5}{\376\377\000Q\000u\000e\000r\000i\000e\000s}{}% 22
\BOOKMARK [2][-]{subsection.5.1}{\376\377\000F\000e\000n\000w\000i\000c\000k\000\040\000T\000r\000e\000e\000\040\000\050\000B\000I\000T\000\051}{section.5}% 23
\BOOKMARK [2][-]{subsection.5.2}{\376\377\000S\000e\000g\000m\000e\000n\000t\000\040\000T\000r\000e\000e}{section.5}% 24
\BOOKMARK [2][-]{subsection.5.3}{\376\377\000I\000n\000d\000e\000x\000\040\000C\000o\000m\000p\000r\000e\000s\000s\000i\000o\000n}{section.5}% 25
\BOOKMARK [1][-]{section.6}{\376\377\000M\000a\000t\000h}{}% 26
\BOOKMARK [2][-]{subsection.6.1}{\376\377\000S\000i\000e\000v\000e}{section.6}% 27
\BOOKMARK [2][-]{subsection.6.2}{\376\377\000L\000C\000M}{section.6}% 28
\BOOKMARK [2][-]{subsection.6.3}{\376\377\000B\000i\000n\000o\000m\000i\000a\000l\000\040\000C\000o\000e\000f\000f\000i\000c\000i\000e\000n\000t}{section.6}% 29
\BOOKMARK [2][-]{subsection.6.4}{\376\377\000C\000l\000o\000s\000e\000s\000t\000\040\000P\000a\000i\000r\000s}{section.6}% 30
\BOOKMARK [2][-]{subsection.6.5}{\376\377\000D\000i\000s\000t\000a\000n\000c\000e}{section.6}% 31
\BOOKMARK [2][-]{subsection.6.6}{\376\377\000C\000a\000t\000a\000l\000a\000n}{section.6}% 32
\BOOKMARK [2][-]{subsection.6.7}{\376\377\000B\000i\000n\000a\000r\000y\000\040\000E\000x\000p\000o\000n\000e\000n\000t\000i\000a\000t\000i\000o\000n}{section.6}% 33
